-------------------------------------------------------------------------------
Test set: ch.avendia.petcare.externalservices.sms.SwisscomSMSGatewayTest
-------------------------------------------------------------------------------
Tests run: 1, Failures: 0, Errors: 1, Skipped: 0, Time elapsed: 5.314 sec <<< FAILURE!
testSendSms(ch.avendia.petcare.externalservices.sms.SwisscomSMSGatewayTest)  Time elapsed: 4.525 sec  <<< ERROR!
com.google.inject.ProvisionException: Guice provision errors:

1) Error injecting constructor, java.lang.NullPointerException
  at ch.avendia.petcare.externalservices.sms.swisscom.SwisscomSMSGateway.<init>(SwisscomSMSGateway.java:66)
  while locating ch.avendia.petcare.externalservices.sms.swisscom.SwisscomSMSGateway
  while locating ch.avendia.petcare.externalservices.sms.SMSGateway

1 error
	at com.google.inject.internal.InjectorImpl$4.get(InjectorImpl.java:987)
	at com.google.inject.internal.InjectorImpl.getInstance(InjectorImpl.java:1013)
	at ch.avendia.petcare.externalservices.sms.SwisscomSMSGatewayTest.testSendSms(SwisscomSMSGatewayTest.java:34)
	at sun.reflect.NativeMethodAccessorImpl.invoke0(Native Method)
	at java.lang.reflect.Method.invoke(Method.java:483)
	at sun.reflect.NativeMethodAccessorImpl.invoke0(Native Method)
	at java.lang.reflect.Method.invoke(Method.java:483)
	at org.apache.maven.surefire.junit4.JUnit4TestSet.execute(JUnit4TestSet.java:53)
	at org.apache.maven.surefire.junit4.JUnit4Provider.executeTestSet(JUnit4Provider.java:123)
	at org.apache.maven.surefire.junit4.JUnit4Provider.invoke(JUnit4Provider.java:104)
	at sun.reflect.NativeMethodAccessorImpl.invoke0(Native Method)
	at java.lang.reflect.Method.invoke(Method.java:483)
	at org.apache.maven.surefire.util.ReflectionUtils.invokeMethodWithArray(ReflectionUtils.java:164)
	at org.apache.maven.surefire.booter.ProviderFactory$ProviderProxy.invoke(ProviderFactory.java:110)
	at org.apache.maven.surefire.booter.SurefireStarter.invokeProvider(SurefireStarter.java:175)
	at org.apache.maven.surefire.booter.SurefireStarter.runSuitesInProcessWhenForked(SurefireStarter.java:107)
	at org.apache.maven.surefire.booter.ForkedBooter.main(ForkedBooter.java:68)
Caused by: java.lang.NullPointerException
	at ch.avendia.petcare.externalservices.sms.swisscom.SwisscomSMSGateway.<init>(SwisscomSMSGateway.java:80)
	at ch.avendia.petcare.externalservices.sms.swisscom.SwisscomSMSGateway$$FastClassByGuice$$40f8bcf6.newInstance(<generated>)
	at com.google.inject.internal.cglib.reflect.$FastConstructor.newInstance(FastConstructor.java:40)
	at com.google.inject.internal.DefaultConstructionProxyFactory$1.newInstance(DefaultConstructionProxyFactory.java:60)
	at com.google.inject.internal.ConstructorInjector.construct(ConstructorInjector.java:85)
	at com.google.inject.internal.ConstructorBindingImpl$Factory.get(ConstructorBindingImpl.java:254)
	at com.google.inject.internal.FactoryProxy.get(FactoryProxy.java:54)
	at com.google.inject.internal.InjectorImpl$4$1.call(InjectorImpl.java:978)
	at com.google.inject.internal.InjectorImpl.callInContext(InjectorImpl.java:1024)
	at com.google.inject.internal.InjectorImpl$4.get(InjectorImpl.java:974)
	... 16 more
